2026-01-04 23:47:29 [main] INFO  c.e.auth.AuthServiceApplication - Starting AuthServiceApplication using Java 21.0.7 with PID 20856 (C:\dev\order-processing-platform\auth-service\build\classes\java\main started by Kukyo in C:\dev\order-processing-platform)
2026-01-04 23:47:29 [main] DEBUG c.e.auth.AuthServiceApplication - Running with Spring Boot v3.2.0, Spring v6.1.1
2026-01-04 23:47:29 [main] INFO  c.e.auth.AuthServiceApplication - No active profile set, falling back to 1 default profile: "default"
2026-01-04 23:47:30 [main] INFO  o.s.d.r.c.RepositoryConfigurationDelegate - Multiple Spring Data modules found, entering strict repository configuration mode
2026-01-04 23:47:30 [main] INFO  o.s.d.r.c.RepositoryConfigurationDelegate - Bootstrapping Spring Data JPA repositories in DEFAULT mode.
2026-01-04 23:47:30 [main] INFO  o.s.d.r.c.RepositoryConfigurationDelegate - Finished Spring Data repository scanning in 104 ms. Found 2 JPA repository interfaces.
2026-01-04 23:47:30 [main] INFO  o.s.d.r.c.RepositoryConfigurationDelegate - Multiple Spring Data modules found, entering strict repository configuration mode
2026-01-04 23:47:30 [main] INFO  o.s.d.r.c.RepositoryConfigurationDelegate - Bootstrapping Spring Data MongoDB repositories in DEFAULT mode.
2026-01-04 23:47:30 [main] INFO  o.s.d.r.c.RepositoryConfigurationExtensionSupport - Spring Data MongoDB - Could not safely identify store assignment for repository candidate interface com.ecommerce.auth.repository.RefreshTokenRepository; If you want this repository to be a MongoDB repository, consider annotating your entities with one of these annotations: org.springframework.data.mongodb.core.mapping.Document (preferred), or consider extending one of the following types with your repository: org.springframework.data.mongodb.repository.MongoRepository
2026-01-04 23:47:30 [main] INFO  o.s.d.r.c.RepositoryConfigurationExtensionSupport - Spring Data MongoDB - Could not safely identify store assignment for repository candidate interface com.ecommerce.auth.repository.UserRepository; If you want this repository to be a MongoDB repository, consider annotating your entities with one of these annotations: org.springframework.data.mongodb.core.mapping.Document (preferred), or consider extending one of the following types with your repository: org.springframework.data.mongodb.repository.MongoRepository
2026-01-04 23:47:30 [main] INFO  o.s.d.r.c.RepositoryConfigurationDelegate - Finished Spring Data repository scanning in 3 ms. Found 0 MongoDB repository interfaces.
2026-01-04 23:47:30 [main] INFO  o.s.d.r.c.RepositoryConfigurationDelegate - Multiple Spring Data modules found, entering strict repository configuration mode
2026-01-04 23:47:30 [main] INFO  o.s.d.r.c.RepositoryConfigurationDelegate - Bootstrapping Spring Data Redis repositories in DEFAULT mode.
2026-01-04 23:47:30 [main] INFO  o.s.d.r.c.RepositoryConfigurationExtensionSupport - Spring Data Redis - Could not safely identify store assignment for repository candidate interface com.ecommerce.auth.repository.RefreshTokenRepository; If you want this repository to be a Redis repository, consider annotating your entities with one of these annotations: org.springframework.data.redis.core.RedisHash (preferred), or consider extending one of the following types with your repository: org.springframework.data.keyvalue.repository.KeyValueRepository
2026-01-04 23:47:30 [main] INFO  o.s.d.r.c.RepositoryConfigurationExtensionSupport - Spring Data Redis - Could not safely identify store assignment for repository candidate interface com.ecommerce.auth.repository.UserRepository; If you want this repository to be a Redis repository, consider annotating your entities with one of these annotations: org.springframework.data.redis.core.RedisHash (preferred), or consider extending one of the following types with your repository: org.springframework.data.keyvalue.repository.KeyValueRepository
2026-01-04 23:47:30 [main] INFO  o.s.d.r.c.RepositoryConfigurationDelegate - Finished Spring Data repository scanning in 2 ms. Found 0 Redis repository interfaces.
2026-01-04 23:47:30 [main] INFO  o.s.cloud.context.scope.GenericScope - BeanFactory id=494238d9-7f06-31cd-a956-249f01ec535f
2026-01-04 23:47:31 [main] INFO  o.s.b.w.e.tomcat.TomcatWebServer - Tomcat initialized with port 8081 (http)
2026-01-04 23:47:31 [main] INFO  o.a.catalina.core.StandardService - Starting service [Tomcat]
2026-01-04 23:47:31 [main] INFO  o.a.catalina.core.StandardEngine - Starting Servlet engine: [Apache Tomcat/10.1.16]
2026-01-04 23:47:31 [main] INFO  o.a.c.c.C.[Tomcat].[localhost].[/] - Initializing Spring embedded WebApplicationContext
2026-01-04 23:47:31 [main] INFO  o.s.b.w.s.c.ServletWebServerApplicationContext - Root WebApplicationContext: initialization completed in 1650 ms
2026-01-04 23:47:31 [main] INFO  o.h.jpa.internal.util.LogHelper - HHH000204: Processing PersistenceUnitInfo [name: default]
2026-01-04 23:47:31 [main] INFO  org.hibernate.Version - HHH000412: Hibernate ORM core version 6.3.1.Final
2026-01-04 23:47:31 [main] INFO  o.h.c.i.RegionFactoryInitiator - HHH000026: Second-level cache disabled
2026-01-04 23:47:31 [main] INFO  o.s.o.j.p.SpringPersistenceUnitInfo - No LoadTimeWeaver setup: ignoring JPA class transformer
2026-01-04 23:47:31 [main] INFO  com.zaxxer.hikari.HikariDataSource - HikariPool-1 - Starting...
2026-01-04 23:47:31 [main] INFO  com.zaxxer.hikari.pool.HikariPool - HikariPool-1 - Added connection org.postgresql.jdbc.PgConnection@165824f5
2026-01-04 23:47:31 [main] INFO  com.zaxxer.hikari.HikariDataSource - HikariPool-1 - Start completed.
2026-01-04 23:47:32 [main] WARN  org.hibernate.orm.deprecation - HHH90000025: PostgreSQLDialect does not need to be specified explicitly using 'hibernate.dialect' (remove the property setting and it will be selected by default)
2026-01-04 23:47:32 [main] INFO  o.h.e.t.j.p.i.JtaPlatformInitiator - HHH000489: No JTA platform available (set 'hibernate.transaction.jta.platform' to enable JTA platform integration)
2026-01-04 23:47:32 [main] INFO  o.s.o.j.LocalContainerEntityManagerFactoryBean - Initialized JPA EntityManagerFactory for persistence unit 'default'
2026-01-04 23:47:32 [main] DEBUG c.e.a.s.JwtAuthenticationFilter - Filter 'jwtAuthenticationFilter' configured for use
2026-01-04 23:47:32 [main] DEBUG c.e.auth.security.JwtExceptionFilter - Filter 'jwtExceptionFilter' configured for use
2026-01-04 23:47:33 [main] WARN  o.s.b.a.o.j.JpaBaseConfiguration$JpaWebConfiguration - spring.jpa.open-in-view is enabled by default. Therefore, database queries may be performed during view rendering. Explicitly configure spring.jpa.open-in-view to disable this warning
2026-01-04 23:47:33 [main] INFO  org.mongodb.driver.client - MongoClient with metadata {"driver": {"name": "mongo-java-driver|sync|spring-boot", "version": "4.11.1"}, "os": {"type": "Windows", "name": "Windows 11", "architecture": "amd64", "version": "10.0"}, "platform": "Java/Oracle Corporation/21.0.7+8-LTS-245"} created with settings MongoClientSettings{readPreference=primary, writeConcern=WriteConcern{w=null, wTimeout=null ms, journal=null}, retryWrites=true, retryReads=true, readConcern=ReadConcern{level=null}, credential=null, transportSettings=null, streamFactoryFactory=null, commandListeners=[io.micrometer.core.instrument.binder.mongodb.MongoMetricsCommandListener@5b810b54], codecRegistry=ProvidersCodecRegistry{codecProviders=[ValueCodecProvider{}, BsonValueCodecProvider{}, DBRefCodecProvider{}, DBObjectCodecProvider{}, DocumentCodecProvider{}, CollectionCodecProvider{}, IterableCodecProvider{}, MapCodecProvider{}, GeoJsonCodecProvider{}, GridFSFileCodecProvider{}, Jsr310CodecProvider{}, JsonObjectCodecProvider{}, BsonCodecProvider{}, EnumCodecProvider{}, com.mongodb.client.model.mql.ExpressionCodecProvider@5dd47c88, com.mongodb.Jep395RecordCodecProvider@2087181d, com.mongodb.KotlinCodecProvider@2e50ca51]}, loggerSettings=LoggerSettings{maxDocumentLength=1000}, clusterSettings={hosts=[localhost:27017], srvServiceName=mongodb, mode=SINGLE, requiredClusterType=UNKNOWN, requiredReplicaSetName='null', serverSelector='null', clusterListeners='[]', serverSelectionTimeout='30000 ms', localThreshold='15 ms'}, socketSettings=SocketSettings{connectTimeoutMS=10000, readTimeoutMS=0, receiveBufferSize=0, proxySettings=ProxySettings{host=null, port=null, username=null, password=null}}, heartbeatSocketSettings=SocketSettings{connectTimeoutMS=10000, readTimeoutMS=10000, receiveBufferSize=0, proxySettings=ProxySettings{host=null, port=null, username=null, password=null}}, connectionPoolSettings=ConnectionPoolSettings{maxSize=100, minSize=0, maxWaitTimeMS=120000, maxConnectionLifeTimeMS=0, maxConnectionIdleTimeMS=0, maintenanceInitialDelayMS=0, maintenanceFrequencyMS=60000, connectionPoolListeners=[io.micrometer.core.instrument.binder.mongodb.MongoMetricsConnectionPoolListener@7d91e9c9], maxConnecting=2}, serverSettings=ServerSettings{heartbeatFrequencyMS=10000, minHeartbeatFrequencyMS=500, serverListeners='[]', serverMonitorListeners='[]'}, sslSettings=SslSettings{enabled=false, invalidHostNameAllowed=false, context=null}, applicationName='null', compressorList=[], uuidRepresentation=JAVA_LEGACY, serverApi=null, autoEncryptionSettings=null, dnsClient=null, inetAddressResolver=null, contextProvider=null}
2026-01-04 23:47:33 [cluster-ClusterId{value='695ad1e5ce783671feb0e18b', description='null'}-localhost:27017] INFO  org.mongodb.driver.cluster - Monitor thread successfully connected to server with description ServerDescription{address=localhost:27017, type=STANDALONE, state=CONNECTED, ok=true, minWireVersion=0, maxWireVersion=21, maxDocumentSize=16777216, logicalSessionTimeoutMinutes=30, roundTripTimeNanos=15466600}
2026-01-04 23:47:33 [main] INFO  o.s.b.a.e.web.EndpointLinksResolver - Exposing 4 endpoint(s) beneath base path '/actuator'
2026-01-04 23:47:33 [main] INFO  o.s.s.web.DefaultSecurityFilterChain - Will secure any request with [org.springframework.security.web.session.DisableEncodeUrlFilter@7b828793, org.springframework.security.web.context.request.async.WebAsyncManagerIntegrationFilter@30cd72a4, org.springframework.security.web.context.SecurityContextHolderFilter@135de93b, org.springframework.security.web.header.HeaderWriterFilter@b14a2c, org.springframework.web.filter.CorsFilter@7d710482, org.springframework.security.web.authentication.logout.LogoutFilter@418a4fff, com.ecommerce.auth.security.JwtExceptionFilter@15d2c2ca, com.ecommerce.auth.security.JwtAuthenticationFilter@4b7704ec, org.springframework.security.web.savedrequest.RequestCacheAwareFilter@1b7a2459, org.springframework.security.web.servletapi.SecurityContextHolderAwareRequestFilter@280b9922, org.springframework.security.web.authentication.AnonymousAuthenticationFilter@882c166, org.springframework.security.web.session.SessionManagementFilter@3593a38d, org.springframework.security.web.access.ExceptionTranslationFilter@75f4c44c, org.springframework.security.web.access.intercept.AuthorizationFilter@6c90063f]
2026-01-04 23:47:34 [main] INFO  o.s.b.w.e.tomcat.TomcatWebServer - Tomcat started on port 8081 (http) with context path ''
2026-01-04 23:47:34 [main] INFO  c.e.auth.AuthServiceApplication - Started AuthServiceApplication in 5.113 seconds (process running for 5.534)
2026-01-04 23:47:35 [RMI TCP Connection(3)-192.168.1.107] INFO  o.a.c.c.C.[Tomcat].[localhost].[/] - Initializing Spring DispatcherServlet 'dispatcherServlet'
2026-01-04 23:47:35 [RMI TCP Connection(3)-192.168.1.107] INFO  o.s.web.servlet.DispatcherServlet - Initializing Servlet 'dispatcherServlet'
2026-01-04 23:47:35 [RMI TCP Connection(3)-192.168.1.107] INFO  o.s.web.servlet.DispatcherServlet - Completed initialization in 4 ms
2026-01-04 23:48:17 [http-nio-8081-exec-1] DEBUG o.s.security.web.FilterChainProxy - Securing GET /api/auth/me
2026-01-04 23:48:18 [http-nio-8081-exec-1] DEBUG org.hibernate.SQL - 
    select
        u1_0.id,
        u1_0.account_non_expired,
        u1_0.account_non_locked,
        u1_0.created_at,
        u1_0.credentials_non_expired,
        u1_0.email,
        u1_0.enabled,
        u1_0.full_name,
        u1_0.last_login_at,
        u1_0.password,
        u1_0.role,
        u1_0.updated_at,
        u1_0.username 
    from
        users u1_0 
    where
        u1_0.username=?
2026-01-04 23:48:18 [http-nio-8081-exec-1] DEBUG c.e.a.s.JwtAuthenticationFilter - User '1testuser' authenticated successfully
2026-01-04 23:48:18 [http-nio-8081-exec-1] WARN  o.s.w.s.h.HandlerMappingIntrospector - Cache miss for REQUEST dispatch to '/api/auth/me' (previous null). Performing MatchableHandlerMapping lookup. This is logged once only at WARN level, and every time at TRACE.
2026-01-04 23:48:18 [http-nio-8081-exec-1] DEBUG o.s.security.web.FilterChainProxy - Secured GET /api/auth/me
2026-01-04 23:48:28 [http-nio-8081-exec-10] DEBUG o.s.security.web.FilterChainProxy - Securing POST /api/auth/register
2026-01-04 23:48:28 [http-nio-8081-exec-10] DEBUG o.s.s.w.a.AnonymousAuthenticationFilter - Set SecurityContextHolder to anonymous SecurityContext
2026-01-04 23:48:28 [http-nio-8081-exec-10] DEBUG o.s.security.web.FilterChainProxy - Secured POST /api/auth/register
2026-01-04 23:48:28 [http-nio-8081-exec-10] INFO  c.ecommerce.auth.service.AuthService - Registering new user: developer2026
2026-01-04 23:48:28 [http-nio-8081-exec-10] DEBUG org.hibernate.SQL - 
    select
        u1_0.id 
    from
        users u1_0 
    where
        u1_0.username=? 
    fetch
        first ? rows only
2026-01-04 23:48:28 [http-nio-8081-exec-10] DEBUG org.hibernate.SQL - 
    select
        u1_0.id 
    from
        users u1_0 
    where
        u1_0.email=? 
    fetch
        first ? rows only
2026-01-04 23:48:29 [http-nio-8081-exec-10] DEBUG org.hibernate.SQL - 
    insert 
    into
        users
        (account_non_expired, account_non_locked, created_at, credentials_non_expired, email, enabled, full_name, last_login_at, password, role, updated_at, username) 
    values
        (?, ?, ?, ?, ?, ?, ?, ?, ?, ?, ?, ?)
2026-01-04 23:48:29 [http-nio-8081-exec-10] INFO  c.ecommerce.auth.service.AuthService - User registered successfully: developer2026
2026-01-04 23:48:29 [http-nio-8081-exec-10] DEBUG org.hibernate.SQL - 
    insert 
    into
        refresh_tokens
        (created_at, expiry_date, revoked, token, user_id) 
    values
        (?, ?, ?, ?, ?)
2026-01-04 23:48:49 [http-nio-8081-exec-7] DEBUG o.s.security.web.FilterChainProxy - Securing POST /api/auth/login
2026-01-04 23:48:49 [http-nio-8081-exec-7] ERROR c.e.a.s.JwtAuthenticationFilter - Cannot set user authentication: JWT signature does not match locally computed signature. JWT validity cannot be asserted and should not be trusted.
2026-01-04 23:48:49 [http-nio-8081-exec-7] DEBUG o.s.s.w.a.AnonymousAuthenticationFilter - Set SecurityContextHolder to anonymous SecurityContext
2026-01-04 23:48:49 [http-nio-8081-exec-7] DEBUG o.s.security.web.FilterChainProxy - Secured POST /api/auth/login
2026-01-04 23:48:49 [http-nio-8081-exec-7] INFO  c.ecommerce.auth.service.AuthService - User login attempt: developer2026
2026-01-04 23:48:50 [http-nio-8081-exec-7] DEBUG org.hibernate.SQL - 
    select
        u1_0.id,
        u1_0.account_non_expired,
        u1_0.account_non_locked,
        u1_0.created_at,
        u1_0.credentials_non_expired,
        u1_0.email,
        u1_0.enabled,
        u1_0.full_name,
        u1_0.last_login_at,
        u1_0.password,
        u1_0.role,
        u1_0.updated_at,
        u1_0.username 
    from
        users u1_0 
    where
        u1_0.username=?
2026-01-04 23:48:50 [http-nio-8081-exec-7] DEBUG o.s.s.a.d.DaoAuthenticationProvider - Failed to authenticate since user account has expired
2026-01-04 23:49:57 [http-nio-8081-exec-3] DEBUG o.s.security.web.FilterChainProxy - Securing POST /api/auth/login
2026-01-04 23:49:57 [http-nio-8081-exec-3] ERROR c.e.a.s.JwtAuthenticationFilter - Cannot set user authentication: JWT signature does not match locally computed signature. JWT validity cannot be asserted and should not be trusted.
2026-01-04 23:49:57 [http-nio-8081-exec-3] DEBUG o.s.s.w.a.AnonymousAuthenticationFilter - Set SecurityContextHolder to anonymous SecurityContext
2026-01-04 23:49:57 [http-nio-8081-exec-3] DEBUG o.s.security.web.FilterChainProxy - Secured POST /api/auth/login
2026-01-04 23:49:57 [http-nio-8081-exec-3] INFO  c.ecommerce.auth.service.AuthService - User login attempt: alice_smith
2026-01-04 23:49:57 [http-nio-8081-exec-3] DEBUG org.hibernate.SQL - 
    select
        u1_0.id,
        u1_0.account_non_expired,
        u1_0.account_non_locked,
        u1_0.created_at,
        u1_0.credentials_non_expired,
        u1_0.email,
        u1_0.enabled,
        u1_0.full_name,
        u1_0.last_login_at,
        u1_0.password,
        u1_0.role,
        u1_0.updated_at,
        u1_0.username 
    from
        users u1_0 
    where
        u1_0.username=?
2026-01-04 23:49:57 [http-nio-8081-exec-3] DEBUG o.s.s.a.d.DaoAuthenticationProvider - Authenticated user
2026-01-04 23:49:57 [http-nio-8081-exec-3] INFO  c.ecommerce.auth.service.AuthService - User logged in successfully: alice_smith
2026-01-04 23:49:57 [http-nio-8081-exec-3] DEBUG org.hibernate.SQL - 
    insert 
    into
        refresh_tokens
        (created_at, expiry_date, revoked, token, user_id) 
    values
        (?, ?, ?, ?, ?)
2026-01-04 23:49:57 [http-nio-8081-exec-3] DEBUG org.hibernate.SQL - 
    update
        users 
    set
        account_non_expired=?,
        account_non_locked=?,
        credentials_non_expired=?,
        email=?,
        enabled=?,
        full_name=?,
        last_login_at=?,
        password=?,
        role=?,
        updated_at=?,
        username=? 
    where
        id=?
2026-01-04 23:54:20 [http-nio-8081-exec-6] DEBUG o.s.security.web.FilterChainProxy - Securing POST /api/auth/login
2026-01-04 23:54:20 [http-nio-8081-exec-6] ERROR c.e.a.s.JwtAuthenticationFilter - Cannot set user authentication: JWT signature does not match locally computed signature. JWT validity cannot be asserted and should not be trusted.
2026-01-04 23:54:20 [http-nio-8081-exec-6] DEBUG o.s.s.w.a.AnonymousAuthenticationFilter - Set SecurityContextHolder to anonymous SecurityContext
2026-01-04 23:54:20 [http-nio-8081-exec-6] DEBUG o.s.security.web.FilterChainProxy - Secured POST /api/auth/login
2026-01-04 23:54:20 [http-nio-8081-exec-6] INFO  c.ecommerce.auth.service.AuthService - User login attempt: developer2026
2026-01-04 23:54:20 [http-nio-8081-exec-6] DEBUG org.hibernate.SQL - 
    select
        u1_0.id,
        u1_0.account_non_expired,
        u1_0.account_non_locked,
        u1_0.created_at,
        u1_0.credentials_non_expired,
        u1_0.email,
        u1_0.enabled,
        u1_0.full_name,
        u1_0.last_login_at,
        u1_0.password,
        u1_0.role,
        u1_0.updated_at,
        u1_0.username 
    from
        users u1_0 
    where
        u1_0.username=?
2026-01-04 23:54:21 [http-nio-8081-exec-6] DEBUG o.s.s.a.d.DaoAuthenticationProvider - Authenticated user
2026-01-04 23:54:21 [http-nio-8081-exec-6] INFO  c.ecommerce.auth.service.AuthService - User logged in successfully: developer2026
2026-01-04 23:54:21 [http-nio-8081-exec-6] DEBUG org.hibernate.SQL - 
    insert 
    into
        refresh_tokens
        (created_at, expiry_date, revoked, token, user_id) 
    values
        (?, ?, ?, ?, ?)
2026-01-04 23:54:21 [http-nio-8081-exec-6] DEBUG org.hibernate.SQL - 
    update
        users 
    set
        account_non_expired=?,
        account_non_locked=?,
        credentials_non_expired=?,
        email=?,
        enabled=?,
        full_name=?,
        last_login_at=?,
        password=?,
        role=?,
        updated_at=?,
        username=? 
    where
        id=?
2026-01-04 23:55:22 [SpringApplicationShutdownHook] INFO  o.s.o.j.LocalContainerEntityManagerFactoryBean - Closing JPA EntityManagerFactory for persistence unit 'default'
2026-01-04 23:55:22 [SpringApplicationShutdownHook] INFO  com.zaxxer.hikari.HikariDataSource - HikariPool-1 - Shutdown initiated...
2026-01-04 23:55:22 [SpringApplicationShutdownHook] INFO  com.zaxxer.hikari.HikariDataSource - HikariPool-1 - Shutdown completed.
2026-01-04 23:58:44 [main] INFO  c.e.auth.AuthServiceApplication - Starting AuthServiceApplication using Java 21.0.7 with PID 24836 (C:\dev\order-processing-platform\auth-service\build\classes\java\main started by Kukyo in C:\dev\order-processing-platform)
2026-01-04 23:58:44 [main] DEBUG c.e.auth.AuthServiceApplication - Running with Spring Boot v3.2.0, Spring v6.1.1
2026-01-04 23:58:44 [main] INFO  c.e.auth.AuthServiceApplication - No active profile set, falling back to 1 default profile: "default"
2026-01-04 23:58:45 [main] INFO  o.s.d.r.c.RepositoryConfigurationDelegate - Multiple Spring Data modules found, entering strict repository configuration mode
2026-01-04 23:58:45 [main] INFO  o.s.d.r.c.RepositoryConfigurationDelegate - Bootstrapping Spring Data JPA repositories in DEFAULT mode.
2026-01-04 23:58:45 [main] INFO  o.s.d.r.c.RepositoryConfigurationDelegate - Finished Spring Data repository scanning in 77 ms. Found 2 JPA repository interfaces.
2026-01-04 23:58:45 [main] INFO  o.s.d.r.c.RepositoryConfigurationDelegate - Multiple Spring Data modules found, entering strict repository configuration mode
2026-01-04 23:58:45 [main] INFO  o.s.d.r.c.RepositoryConfigurationDelegate - Bootstrapping Spring Data MongoDB repositories in DEFAULT mode.
2026-01-04 23:58:45 [main] INFO  o.s.d.r.c.RepositoryConfigurationExtensionSupport - Spring Data MongoDB - Could not safely identify store assignment for repository candidate interface com.ecommerce.auth.repository.RefreshTokenRepository; If you want this repository to be a MongoDB repository, consider annotating your entities with one of these annotations: org.springframework.data.mongodb.core.mapping.Document (preferred), or consider extending one of the following types with your repository: org.springframework.data.mongodb.repository.MongoRepository
2026-01-04 23:58:45 [main] INFO  o.s.d.r.c.RepositoryConfigurationExtensionSupport - Spring Data MongoDB - Could not safely identify store assignment for repository candidate interface com.ecommerce.auth.repository.UserRepository; If you want this repository to be a MongoDB repository, consider annotating your entities with one of these annotations: org.springframework.data.mongodb.core.mapping.Document (preferred), or consider extending one of the following types with your repository: org.springframework.data.mongodb.repository.MongoRepository
2026-01-04 23:58:45 [main] INFO  o.s.d.r.c.RepositoryConfigurationDelegate - Finished Spring Data repository scanning in 8 ms. Found 0 MongoDB repository interfaces.
2026-01-04 23:58:45 [main] INFO  o.s.d.r.c.RepositoryConfigurationDelegate - Multiple Spring Data modules found, entering strict repository configuration mode
2026-01-04 23:58:45 [main] INFO  o.s.d.r.c.RepositoryConfigurationDelegate - Bootstrapping Spring Data Redis repositories in DEFAULT mode.
2026-01-04 23:58:45 [main] INFO  o.s.d.r.c.RepositoryConfigurationExtensionSupport - Spring Data Redis - Could not safely identify store assignment for repository candidate interface com.ecommerce.auth.repository.RefreshTokenRepository; If you want this repository to be a Redis repository, consider annotating your entities with one of these annotations: org.springframework.data.redis.core.RedisHash (preferred), or consider extending one of the following types with your repository: org.springframework.data.keyvalue.repository.KeyValueRepository
2026-01-04 23:58:45 [main] INFO  o.s.d.r.c.RepositoryConfigurationExtensionSupport - Spring Data Redis - Could not safely identify store assignment for repository candidate interface com.ecommerce.auth.repository.UserRepository; If you want this repository to be a Redis repository, consider annotating your entities with one of these annotations: org.springframework.data.redis.core.RedisHash (preferred), or consider extending one of the following types with your repository: org.springframework.data.keyvalue.repository.KeyValueRepository
2026-01-04 23:58:45 [main] INFO  o.s.d.r.c.RepositoryConfigurationDelegate - Finished Spring Data repository scanning in 2 ms. Found 0 Redis repository interfaces.
2026-01-04 23:58:45 [main] INFO  o.s.cloud.context.scope.GenericScope - BeanFactory id=494238d9-7f06-31cd-a956-249f01ec535f
2026-01-04 23:58:45 [main] INFO  o.s.b.w.e.tomcat.TomcatWebServer - Tomcat initialized with port 8081 (http)
2026-01-04 23:58:45 [main] INFO  o.a.catalina.core.StandardService - Starting service [Tomcat]
2026-01-04 23:58:45 [main] INFO  o.a.catalina.core.StandardEngine - Starting Servlet engine: [Apache Tomcat/10.1.16]
2026-01-04 23:58:45 [main] INFO  o.a.c.c.C.[Tomcat].[localhost].[/] - Initializing Spring embedded WebApplicationContext
2026-01-04 23:58:45 [main] INFO  o.s.b.w.s.c.ServletWebServerApplicationContext - Root WebApplicationContext: initialization completed in 1438 ms
2026-01-04 23:58:46 [main] INFO  o.h.jpa.internal.util.LogHelper - HHH000204: Processing PersistenceUnitInfo [name: default]
2026-01-04 23:58:46 [main] INFO  org.hibernate.Version - HHH000412: Hibernate ORM core version 6.3.1.Final
2026-01-04 23:58:46 [main] INFO  o.h.c.i.RegionFactoryInitiator - HHH000026: Second-level cache disabled
2026-01-04 23:58:46 [main] INFO  o.s.o.j.p.SpringPersistenceUnitInfo - No LoadTimeWeaver setup: ignoring JPA class transformer
2026-01-04 23:58:46 [main] INFO  com.zaxxer.hikari.HikariDataSource - HikariPool-1 - Starting...
2026-01-04 23:58:46 [main] INFO  com.zaxxer.hikari.pool.HikariPool - HikariPool-1 - Added connection org.postgresql.jdbc.PgConnection@63062eea
2026-01-04 23:58:46 [main] INFO  com.zaxxer.hikari.HikariDataSource - HikariPool-1 - Start completed.
2026-01-04 23:58:46 [main] WARN  org.hibernate.orm.deprecation - HHH90000025: PostgreSQLDialect does not need to be specified explicitly using 'hibernate.dialect' (remove the property setting and it will be selected by default)
2026-01-04 23:58:47 [main] INFO  o.h.e.t.j.p.i.JtaPlatformInitiator - HHH000489: No JTA platform available (set 'hibernate.transaction.jta.platform' to enable JTA platform integration)
2026-01-04 23:58:47 [main] INFO  o.s.o.j.LocalContainerEntityManagerFactoryBean - Initialized JPA EntityManagerFactory for persistence unit 'default'
2026-01-04 23:58:47 [main] DEBUG c.e.a.s.JwtAuthenticationFilter - Filter 'jwtAuthenticationFilter' configured for use
2026-01-04 23:58:47 [main] DEBUG c.e.auth.security.JwtExceptionFilter - Filter 'jwtExceptionFilter' configured for use
2026-01-04 23:58:47 [main] WARN  o.s.b.a.o.j.JpaBaseConfiguration$JpaWebConfiguration - spring.jpa.open-in-view is enabled by default. Therefore, database queries may be performed during view rendering. Explicitly configure spring.jpa.open-in-view to disable this warning
2026-01-04 23:58:47 [main] INFO  org.mongodb.driver.client - MongoClient with metadata {"driver": {"name": "mongo-java-driver|sync|spring-boot", "version": "4.11.1"}, "os": {"type": "Windows", "name": "Windows 11", "architecture": "amd64", "version": "10.0"}, "platform": "Java/Oracle Corporation/21.0.7+8-LTS-245"} created with settings MongoClientSettings{readPreference=primary, writeConcern=WriteConcern{w=null, wTimeout=null ms, journal=null}, retryWrites=true, retryReads=true, readConcern=ReadConcern{level=null}, credential=null, transportSettings=null, streamFactoryFactory=null, commandListeners=[io.micrometer.core.instrument.binder.mongodb.MongoMetricsCommandListener@7153995c], codecRegistry=ProvidersCodecRegistry{codecProviders=[ValueCodecProvider{}, BsonValueCodecProvider{}, DBRefCodecProvider{}, DBObjectCodecProvider{}, DocumentCodecProvider{}, CollectionCodecProvider{}, IterableCodecProvider{}, MapCodecProvider{}, GeoJsonCodecProvider{}, GridFSFileCodecProvider{}, Jsr310CodecProvider{}, JsonObjectCodecProvider{}, BsonCodecProvider{}, EnumCodecProvider{}, com.mongodb.client.model.mql.ExpressionCodecProvider@1e5e0e75, com.mongodb.Jep395RecordCodecProvider@50fbb66a, com.mongodb.KotlinCodecProvider@12bb0322]}, loggerSettings=LoggerSettings{maxDocumentLength=1000}, clusterSettings={hosts=[localhost:27017], srvServiceName=mongodb, mode=SINGLE, requiredClusterType=UNKNOWN, requiredReplicaSetName='null', serverSelector='null', clusterListeners='[]', serverSelectionTimeout='30000 ms', localThreshold='15 ms'}, socketSettings=SocketSettings{connectTimeoutMS=10000, readTimeoutMS=0, receiveBufferSize=0, proxySettings=ProxySettings{host=null, port=null, username=null, password=null}}, heartbeatSocketSettings=SocketSettings{connectTimeoutMS=10000, readTimeoutMS=10000, receiveBufferSize=0, proxySettings=ProxySettings{host=null, port=null, username=null, password=null}}, connectionPoolSettings=ConnectionPoolSettings{maxSize=100, minSize=0, maxWaitTimeMS=120000, maxConnectionLifeTimeMS=0, maxConnectionIdleTimeMS=0, maintenanceInitialDelayMS=0, maintenanceFrequencyMS=60000, connectionPoolListeners=[io.micrometer.core.instrument.binder.mongodb.MongoMetricsConnectionPoolListener@704205ef], maxConnecting=2}, serverSettings=ServerSettings{heartbeatFrequencyMS=10000, minHeartbeatFrequencyMS=500, serverListeners='[]', serverMonitorListeners='[]'}, sslSettings=SslSettings{enabled=false, invalidHostNameAllowed=false, context=null}, applicationName='null', compressorList=[], uuidRepresentation=JAVA_LEGACY, serverApi=null, autoEncryptionSettings=null, dnsClient=null, inetAddressResolver=null, contextProvider=null}
2026-01-04 23:58:47 [cluster-ClusterId{value='695ad487efd55f15a6311585', description='null'}-localhost:27017] INFO  org.mongodb.driver.cluster - Monitor thread successfully connected to server with description ServerDescription{address=localhost:27017, type=STANDALONE, state=CONNECTED, ok=true, minWireVersion=0, maxWireVersion=21, maxDocumentSize=16777216, logicalSessionTimeoutMinutes=30, roundTripTimeNanos=14496900}
2026-01-04 23:58:48 [main] INFO  o.s.b.a.e.web.EndpointLinksResolver - Exposing 4 endpoint(s) beneath base path '/actuator'
2026-01-04 23:58:48 [main] INFO  o.s.s.web.DefaultSecurityFilterChain - Will secure any request with [org.springframework.security.web.session.DisableEncodeUrlFilter@7dd63fcc, org.springframework.security.web.context.request.async.WebAsyncManagerIntegrationFilter@3bb04b53, org.springframework.security.web.context.SecurityContextHolderFilter@170a5bc8, org.springframework.security.web.header.HeaderWriterFilter@31b70b2a, org.springframework.web.filter.CorsFilter@61ae22d4, org.springframework.security.web.authentication.logout.LogoutFilter@538cf7fd, com.ecommerce.auth.security.JwtExceptionFilter@48c56b42, com.ecommerce.auth.security.JwtAuthenticationFilter@2e8417ea, org.springframework.security.web.savedrequest.RequestCacheAwareFilter@2f087301, org.springframework.security.web.servletapi.SecurityContextHolderAwareRequestFilter@6d1953e4, org.springframework.security.web.authentication.AnonymousAuthenticationFilter@207475a2, org.springframework.security.web.session.SessionManagementFilter@2c952e6, org.springframework.security.web.access.ExceptionTranslationFilter@ed6d97f, org.springframework.security.web.access.intercept.AuthorizationFilter@74944d7f]
2026-01-04 23:58:49 [main] INFO  o.s.b.w.e.tomcat.TomcatWebServer - Tomcat started on port 8081 (http) with context path ''
2026-01-04 23:58:49 [main] INFO  c.e.auth.AuthServiceApplication - Started AuthServiceApplication in 4.932 seconds (process running for 5.465)
2026-01-04 23:58:49 [RMI TCP Connection(1)-192.168.1.107] INFO  o.a.c.c.C.[Tomcat].[localhost].[/] - Initializing Spring DispatcherServlet 'dispatcherServlet'
2026-01-04 23:58:49 [RMI TCP Connection(1)-192.168.1.107] INFO  o.s.web.servlet.DispatcherServlet - Initializing Servlet 'dispatcherServlet'
2026-01-04 23:58:49 [RMI TCP Connection(1)-192.168.1.107] INFO  o.s.web.servlet.DispatcherServlet - Completed initialization in 4 ms
2026-01-04 23:58:57 [http-nio-8081-exec-3] DEBUG o.s.security.web.FilterChainProxy - Securing POST /api/auth/register
2026-01-04 23:58:57 [http-nio-8081-exec-3] DEBUG o.s.s.w.a.AnonymousAuthenticationFilter - Set SecurityContextHolder to anonymous SecurityContext
2026-01-04 23:58:57 [http-nio-8081-exec-3] WARN  o.s.w.s.h.HandlerMappingIntrospector - Cache miss for REQUEST dispatch to '/api/auth/register' (previous null). Performing MatchableHandlerMapping lookup. This is logged once only at WARN level, and every time at TRACE.
2026-01-04 23:58:57 [http-nio-8081-exec-3] DEBUG o.s.security.web.FilterChainProxy - Secured POST /api/auth/register
2026-01-04 23:59:02 [http-nio-8081-exec-4] DEBUG o.s.security.web.FilterChainProxy - Securing POST /api/auth/register
2026-01-04 23:59:02 [http-nio-8081-exec-4] DEBUG o.s.s.w.a.AnonymousAuthenticationFilter - Set SecurityContextHolder to anonymous SecurityContext
2026-01-04 23:59:02 [http-nio-8081-exec-4] DEBUG o.s.security.web.FilterChainProxy - Secured POST /api/auth/register
2026-01-04 23:59:02 [http-nio-8081-exec-4] INFO  c.ecommerce.auth.service.AuthService - Registering new user: newuser123
2026-01-04 23:59:02 [http-nio-8081-exec-4] DEBUG org.hibernate.SQL - 
    select
        u1_0.id 
    from
        users u1_0 
    where
        u1_0.username=? 
    fetch
        first ? rows only
2026-01-04 23:59:02 [http-nio-8081-exec-4] DEBUG org.hibernate.SQL - 
    select
        u1_0.id 
    from
        users u1_0 
    where
        u1_0.email=? 
    fetch
        first ? rows only
2026-01-04 23:59:03 [http-nio-8081-exec-4] DEBUG org.hibernate.SQL - 
    insert 
    into
        users
        (account_non_expired, account_non_locked, created_at, credentials_non_expired, email, enabled, full_name, last_login_at, password, role, updated_at, username) 
    values
        (?, ?, ?, ?, ?, ?, ?, ?, ?, ?, ?, ?)
2026-01-04 23:59:03 [http-nio-8081-exec-4] INFO  c.ecommerce.auth.service.AuthService - User registered successfully: newuser123
2026-01-04 23:59:03 [http-nio-8081-exec-4] DEBUG org.hibernate.SQL - 
    insert 
    into
        refresh_tokens
        (created_at, expiry_date, revoked, token, user_id) 
    values
        (?, ?, ?, ?, ?)
